
------------代码示例------------

2014-07-10
修正PHP代码中notify_url文件验证签名问题

版本号：3.3
修改时间：2014-10-10
修改内容：
www.xxx.com（虚构域名） 改名为 商户网关地址

2015-03-10
修改时间：2015-03-10
修改内容：
1、更新支付宝收银台LOGO
2、更改参数seller_email位置，移动到config文件去。


------------接口技术文档------------

版本号：V1.4 
基础版本号：V1.3 
修改时间：2014-9-16 

区别： 
1、修改授权接口请求参数： 
1）“4.1.2 列表”中req_data参数说明，新增agent_id字段； 
2）“表4-2 req_data请求业务参数列表”中新增agent_id字段；
3）“4.1.3 样例”中新增agent_id字段。

版本号：V1.6 
基础版本号：V1.5  
修改时间：2014-11-13 
区别： 
1、“5.3 交易接口服务器异步通知参数说明”中新增refund_status退款状态和gmt_refund退款时间参数。 
2、修改“6.4 通知触发条件”： 
“触发条件默认值”列名称改成“备注”； 
WAIT_BUYER_PAY改为“true（触发通知）”； 
新增说明“true（触发通知）/false（不触发通知）具体值和签约配置时保持同步”。 
3、“6.5 商户业务处理注意事项”的注意中增加退款相关事项。 
4、新增“8.3 退款状态”。


版本号：V1.7 
基础版本号：V1.6 
修改时间：2015-3-9 
区别： 
1、“1.1 功能描述”中新增： 
另外，当商户遇到支付宝收付款被第三方应用屏蔽的情况下，可以通过如下链接提供的方法予以解决： 
https://cshall.alipay.com/enterprise/help_detail.htm?help_id=524702


------------规则文档------------

版本号：V1.1 
基础版本号：V1.0 
修改时间：2014-11-5 
区别： 
1、“3 技术接入规则”的“返回数据处理”中新增一条细则：商户必须根据支付宝不同类型的业务通知，正确的进行不同的业务处理，并且过滤重复的通知结果数据。在支付宝的业务通知中，只有交易通知状态为TRADE_SUCCESS或TRADE_FINISHED时，支付宝才会认定为买家付款成功。 
2、“7.1 如何获得PID与密钥”章节重写。 
3、删除“7.2.2 RSA密钥使用逻辑”中的“1. PHP开发语言使用方法”中的“C	必须保证只有一行文字，即：没有回车、换行、空格等”。


版本号：V1.2
基础版本号：V1.1 
修改时间：2015-1-29 
区别：
1、7.2.2章节，修改支付宝公钥获取路径。改为b.alipay.com获取
2、5.2.2  JAVA章节中函数名，“parseResponse”修改为“这一系列过程需调用AlipaySubmit类中的getRequestToken函数”